# JRE version: OpenJDK Runtime Environment (8.0_112-b06) (build 1.8.0_112-release-b06)
# Java VM: OpenJDK 64-Bit Server VM (25.112-b06 mixed mode linux-amd64 compressed oops)
Heap:
 PSYoungGen      total 379904K, used 379805K [0x00000000e0000000, 0x0000000100000000, 0x0000000100000000)
  eden space 303104K, 100% used [0x00000000e0000000,0x00000000f2800000,0x00000000f2800000)
  from space 76800K, 99% used [0x00000000f2800000,0x00000000f72e7440,0x00000000f7300000)
  to   space 113152K, 33% used [0x00000000f9180000,0x00000000fb6244c0,0x0000000100000000)
 ParOldGen       total 133120K, used 133113K [0x00000000a0000000, 0x00000000a8200000, 0x00000000e0000000)
  object space 133120K, 99% used [0x00000000a0000000,0x00000000a81fe420,0x00000000a8200000)
 Metaspace       used 79142K, capacity 85628K, committed 85800K, reserved 1124352K
  class space    used 9896K, capacity 10985K, committed 11056K, reserved 1048576K
GC Heap History (10 events):
Event: 2548.609 GC heap after
Heap after GC invocations=53 (full 4):
 PSYoungGen      total 327680K, used 74983K [0x00000000e0000000, 0x00000000fd380000, 0x0000000100000000)
  eden space 227840K, 0% used [0x00000000e0000000,0x00000000e0000000,0x00000000ede80000)
  from space 99840K, 75% used [0x00000000ede80000,0x00000000f27b9d48,0x00000000f4000000)
  to   space 104960K, 0% used [0x00000000f6d00000,0x00000000f6d00000,0x00000000fd380000)
 ParOldGen       total 125952K, used 57219K [0x00000000a0000000, 0x00000000a7b00000, 0x00000000e0000000)
  object space 125952K, 45% used [0x00000000a0000000,0x00000000a37e0e58,0x00000000a7b00000)
 Metaspace       used 78878K, capacity 85372K, committed 85544K, reserved 1124352K
  class space    used 9894K, capacity 10985K, committed 11056K, reserved 1048576K
}
Event: 2549.079 GC heap before
{Heap before GC invocations=54 (full 4):
 PSYoungGen      total 327680K, used 302823K [0x00000000e0000000, 0x00000000fd380000, 0x0000000100000000)
  eden space 227840K, 100% used [0x00000000e0000000,0x00000000ede80000,0x00000000ede80000)
  from space 99840K, 75% used [0x00000000ede80000,0x00000000f27b9d48,0x00000000f4000000)
  to   space 104960K, 0% used [0x00000000f6d00000,0x00000000f6d00000,0x00000000fd380000)
 ParOldGen       total 125952K, used 57219K [0x00000000a0000000, 0x00000000a7b00000, 0x00000000e0000000)
  object space 125952K, 45% used [0x00000000a0000000,0x00000000a37e0e58,0x00000000a7b00000)
 Metaspace       used 78998K, capacity 85500K, committed 85800K, reserved 1124352K
  class space    used 9894K, capacity 10985K, committed 11056K, reserved 1048576K
Event: 2549.170 GC heap after
Heap after GC invocations=54 (full 4):
 PSYoungGen      total 367616K, used 80008K [0x00000000e0000000, 0x00000000fdf80000, 0x0000000100000000)
  eden space 262656K, 0% used [0x00000000e0000000,0x00000000e0000000,0x00000000f0080000)
  from space 104960K, 76% used [0x00000000f6d00000,0x00000000fbb223e8,0x00000000fd380000)
  to   space 111104K, 0% used [0x00000000f0080000,0x00000000f0080000,0x00000000f6d00000)
 ParOldGen       total 125952K, used 64038K [0x00000000a0000000, 0x00000000a7b00000, 0x00000000e0000000)
  object space 125952K, 50% used [0x00000000a0000000,0x00000000a3e899e0,0x00000000a7b00000)
 Metaspace       used 78998K, capacity 85500K, committed 85800K, reserved 1124352K
  class space    used 9894K, capacity 10985K, committed 11056K, reserved 1048576K
}
Event: 2549.840 GC heap before
{Heap before GC invocations=55 (full 4):
 PSYoungGen      total 367616K, used 342664K [0x00000000e0000000, 0x00000000fdf80000, 0x0000000100000000)
  eden space 262656K, 100% used [0x00000000e0000000,0x00000000f0080000,0x00000000f0080000)
  from space 104960K, 76% used [0x00000000f6d00000,0x00000000fbb223e8,0x00000000fd380000)
  to   space 111104K, 0% used [0x00000000f0080000,0x00000000f0080000,0x00000000f6d00000)
 ParOldGen       total 125952K, used 64038K [0x00000000a0000000, 0x00000000a7b00000, 0x00000000e0000000)
  object space 125952K, 50% used [0x00000000a0000000,0x00000000a3e899e0,0x00000000a7b00000)
 Metaspace       used 79120K, capacity 85628K, committed 85800K, reserved 1124352K
  class space    used 9896K, capacity 10985K, committed 11056K, reserved 1048576K
Event: 2549.898 GC heap after
Heap after GC invocations=55 (full 4):
 PSYoungGen      total 373760K, used 53786K [0x00000000e0000000, 0x00000000ffc00000, 0x0000000100000000)
  eden space 262656K, 0% used [0x00000000e0000000,0x00000000e0000000,0x00000000f0080000)
  from space 111104K, 48% used [0x00000000f0080000,0x00000000f3506a88,0x00000000f6d00000)
  to   space 105984K, 0% used [0x00000000f9480000,0x00000000f9480000,0x00000000ffc00000)
 ParOldGen       total 125952K, used 69260K [0x00000000a0000000, 0x00000000a7b00000, 0x00000000e0000000)
  object space 125952K, 54% used [0x00000000a0000000,0x00000000a43a33d8,0x00000000a7b00000)
 Metaspace       used 79120K, capacity 85628K, committed 85800K, reserved 1124352K
  class space    used 9896K, capacity 10985K, committed 11056K, reserved 1048576K
}
Event: 2550.315 GC heap before
{Heap before GC invocations=56 (full 4):
 PSYoungGen      total 373760K, used 316442K [0x00000000e0000000, 0x00000000ffc00000, 0x0000000100000000)
  eden space 262656K, 100% used [0x00000000e0000000,0x00000000f0080000,0x00000000f0080000)
  from space 111104K, 48% used [0x00000000f0080000,0x00000000f3506a88,0x00000000f6d00000)
  to   space 105984K, 0% used [0x00000000f9480000,0x00000000f9480000,0x00000000ffc00000)
 ParOldGen       total 125952K, used 69260K [0x00000000a0000000, 0x00000000a7b00000, 0x00000000e0000000)
  object space 125952K, 54% used [0x00000000a0000000,0x00000000a43a33d8,0x00000000a7b00000)
 Metaspace       used 79142K, capacity 85628K, committed 85800K, reserved 1124352K
  class space    used 9896K, capacity 10985K, committed 11056K, reserved 1048576K
Event: 2550.718 GC heap after
Heap after GC invocations=56 (full 4):
 PSYoungGen      total 409088K, used 79869K [0x00000000e0000000, 0x0000000100000000, 0x0000000100000000)
  eden space 303104K, 0% used [0x00000000e0000000,0x00000000e0000000,0x00000000f2800000)
  from space 105984K, 75% used [0x00000000f9480000,0x00000000fe27f618,0x00000000ffc00000)
  to   space 110592K, 0% used [0x00000000f2800000,0x00000000f2800000,0x00000000f9400000)
 ParOldGen       total 125952K, used 74744K [0x00000000a0000000, 0x00000000a7b00000, 0x00000000e0000000)
  object space 125952K, 59% used [0x00000000a0000000,0x00000000a48fe1b0,0x00000000a7b00000)
 Metaspace       used 79142K, capacity 85628K, committed 85800K, reserved 1124352K
  class space    used 9896K, capacity 10985K, committed 11056K, reserved 1048576K
}
Event: 2601.266 GC heap before
{Heap before GC invocations=57 (full 4):
 PSYoungGen      total 409088K, used 382973K [0x00000000e0000000, 0x0000000100000000, 0x0000000100000000)
  eden space 303104K, 100% used [0x00000000e0000000,0x00000000f2800000,0x00000000f2800000)
  from space 105984K, 75% used [0x00000000f9480000,0x00000000fe27f618,0x00000000ffc00000)
  to   space 110592K, 0% used [0x00000000f2800000,0x00000000f2800000,0x00000000f9400000)
 ParOldGen       total 125952K, used 74744K [0x00000000a0000000, 0x00000000a7b00000, 0x00000000e0000000)
  object space 125952K, 59% used [0x00000000a0000000,0x00000000a48fe1b0,0x00000000a7b00000)
 Metaspace       used 79142K, capacity 85628K, committed 85800K, reserved 1124352K
  class space    used 9896K, capacity 10985K, committed 11056K, reserved 1048576K
Event: 2602.602 GC heap after
Heap after GC invocations=57 (full 4):
 PSYoungGen      total 379904K, used 76701K [0x00000000e0000000, 0x0000000100000000, 0x0000000100000000)
  eden space 303104K, 0% used [0x00000000e0000000,0x00000000e0000000,0x00000000f2800000)
  from space 76800K, 99% used [0x00000000f2800000,0x00000000f72e7440,0x00000000f7300000)
  to   space 113152K, 0% used [0x00000000f9180000,0x00000000f9180000,0x0000000100000000)
 ParOldGen       total 125952K, used 94497K [0x00000000a0000000, 0x00000000a7b00000, 0x00000000e0000000)
  object space 125952K, 75% used [0x00000000a0000000,0x00000000a5c48750,0x00000000a7b00000)
 Metaspace       used 79142K, capacity 85628K, committed 85800K, reserved 1124352K
  class space    used 9896K, capacity 10985K, committed 11056K, reserved 1048576K
}
Event: 2636.317 GC heap before
{Heap before GC invocations=58 (full 4):
 PSYoungGen      total 379904K, used 379805K [0x00000000e0000000, 0x0000000100000000, 0x0000000100000000)
  eden space 303104K, 100% used [0x00000000e0000000,0x00000000f2800000,0x00000000f2800000)
  from space 76800K, 99% used [0x00000000f2800000,0x00000000f72e7440,0x00000000f7300000)
  to   space 113152K, 0% used [0x00000000f9180000,0x00000000f9180000,0x0000000100000000)
 ParOldGen       total 125952K, used 94497K [0x00000000a0000000, 0x00000000a7b00000, 0x00000000e0000000)
  object space 125952K, 75% used [0x00000000a0000000,0x00000000a5c48750,0x00000000a7b00000)
 Metaspace       used 79142K, capacity 85628K, committed 85800K, reserved 1124352K
  class space    used 9896K, capacity 10985K, committed 11056K, reserved 1048576K

